[1.744s] DEBUG:colcon:Command line arguments: ['/usr/bin/colcon', 'build']
[1.744s] DEBUG:colcon:Parsed command line arguments: Namespace(log_base=None, log_level=None, verb_name='build', build_base='build', install_base='install', merge_install=False, symlink_install=False, test_result_base=None, continue_on_error=False, executor='parallel', parallel_workers=6, event_handlers=None, ignore_user_meta=False, metas=['./colcon.meta'], base_paths=['.'], packages_ignore=None, packages_ignore_regex=None, paths=None, packages_up_to=None, packages_up_to_regex=None, packages_above=None, packages_above_and_dependencies=None, packages_above_depth=None, packages_select_by_dep=None, packages_skip_by_dep=None, packages_skip_up_to=None, packages_select_build_failed=False, packages_skip_build_finished=False, packages_select_test_failures=False, packages_skip_test_passed=False, packages_select=None, packages_skip=None, packages_select_regex=None, packages_skip_regex=None, packages_start=None, packages_end=None, allow_overriding=[], cmake_args=None, cmake_target=None, cmake_target_skip_unavailable=False, cmake_clean_cache=False, cmake_clean_first=False, cmake_force_configure=False, ament_cmake_args=None, catkin_cmake_args=None, catkin_skip_building_tests=False, verb_parser=<colcon_defaults.argument_parser.defaults.DefaultArgumentsDecorator object at 0x7f5bec036260>, verb_extension=<colcon_core.verb.build.BuildVerb object at 0x7f5bec912920>, main=<bound method BuildVerb.main of <colcon_core.verb.build.BuildVerb object at 0x7f5bec912920>>)
[1.939s] Level 1:colcon.colcon_core.package_discovery:discover_packages(colcon_meta) check parameters
[1.940s] Level 1:colcon.colcon_core.package_discovery:discover_packages(recursive) check parameters
[1.940s] Level 1:colcon.colcon_core.package_discovery:discover_packages(ignore) check parameters
[1.940s] Level 1:colcon.colcon_core.package_discovery:discover_packages(path) check parameters
[1.940s] Level 1:colcon.colcon_core.package_discovery:discover_packages(colcon_meta) discover
[1.940s] Level 1:colcon.colcon_core.package_discovery:discover_packages(recursive) discover
[1.940s] INFO:colcon.colcon_core.package_discovery:Crawling recursively for packages in '/home/ram-user/ASDR_assignments'
[1.940s] Level 1:colcon.colcon_core.package_identification:_identify(.) by extensions ['ignore', 'ignore_ament_install']
[1.941s] Level 1:colcon.colcon_core.package_identification:_identify(.) by extension 'ignore'
[1.941s] Level 1:colcon.colcon_core.package_identification:_identify(.) by extension 'ignore_ament_install'
[1.942s] Level 1:colcon.colcon_core.package_identification:_identify(.) by extensions ['colcon_pkg']
[1.942s] Level 1:colcon.colcon_core.package_identification:_identify(.) by extension 'colcon_pkg'
[1.942s] Level 1:colcon.colcon_core.package_identification:_identify(.) by extensions ['colcon_meta']
[1.942s] Level 1:colcon.colcon_core.package_identification:_identify(.) by extension 'colcon_meta'
[1.942s] Level 1:colcon.colcon_core.package_identification:_identify(.) by extensions ['ros']
[1.942s] Level 1:colcon.colcon_core.package_identification:_identify(.) by extension 'ros'
[1.984s] Level 1:colcon.colcon_core.package_identification:_identify(.) by extensions ['cmake', 'python']
[1.985s] Level 1:colcon.colcon_core.package_identification:_identify(.) by extension 'cmake'
[1.985s] Level 1:colcon.colcon_core.package_identification:_identify(.) by extension 'python'
[1.985s] Level 1:colcon.colcon_core.package_identification:_identify(.) by extensions ['python_setup_py']
[1.985s] Level 1:colcon.colcon_core.package_identification:_identify(.) by extension 'python_setup_py'
[1.985s] Level 1:colcon.colcon_core.package_identification:_identify(build) by extensions ['ignore', 'ignore_ament_install']
[1.986s] Level 1:colcon.colcon_core.package_identification:_identify(build) by extension 'ignore'
[1.986s] Level 1:colcon.colcon_core.package_identification:_identify(build) ignored
[1.987s] Level 1:colcon.colcon_core.package_identification:_identify(install) by extensions ['ignore', 'ignore_ament_install']
[1.987s] Level 1:colcon.colcon_core.package_identification:_identify(install) by extension 'ignore'
[1.987s] Level 1:colcon.colcon_core.package_identification:_identify(install) ignored
[1.988s] Level 1:colcon.colcon_core.package_identification:_identify(log) by extensions ['ignore', 'ignore_ament_install']
[1.988s] Level 1:colcon.colcon_core.package_identification:_identify(log) by extension 'ignore'
[1.988s] Level 1:colcon.colcon_core.package_identification:_identify(log) ignored
[1.988s] Level 1:colcon.colcon_core.package_identification:_identify(src) by extensions ['ignore', 'ignore_ament_install']
[1.988s] Level 1:colcon.colcon_core.package_identification:_identify(src) by extension 'ignore'
[1.988s] Level 1:colcon.colcon_core.package_identification:_identify(src) by extension 'ignore_ament_install'
[1.988s] Level 1:colcon.colcon_core.package_identification:_identify(src) by extensions ['colcon_pkg']
[1.988s] Level 1:colcon.colcon_core.package_identification:_identify(src) by extension 'colcon_pkg'
[1.989s] Level 1:colcon.colcon_core.package_identification:_identify(src) by extensions ['colcon_meta']
[1.989s] Level 1:colcon.colcon_core.package_identification:_identify(src) by extension 'colcon_meta'
[1.989s] Level 1:colcon.colcon_core.package_identification:_identify(src) by extensions ['ros']
[1.989s] Level 1:colcon.colcon_core.package_identification:_identify(src) by extension 'ros'
[1.989s] Level 1:colcon.colcon_core.package_identification:_identify(src) by extensions ['cmake', 'python']
[1.989s] Level 1:colcon.colcon_core.package_identification:_identify(src) by extension 'cmake'
[1.989s] Level 1:colcon.colcon_core.package_identification:_identify(src) by extension 'python'
[1.989s] Level 1:colcon.colcon_core.package_identification:_identify(src) by extensions ['python_setup_py']
[1.989s] Level 1:colcon.colcon_core.package_identification:_identify(src) by extension 'python_setup_py'
[1.990s] Level 1:colcon.colcon_core.package_identification:_identify(src/brightness_pkg) by extensions ['ignore', 'ignore_ament_install']
[1.990s] Level 1:colcon.colcon_core.package_identification:_identify(src/brightness_pkg) by extension 'ignore'
[1.990s] Level 1:colcon.colcon_core.package_identification:_identify(src/brightness_pkg) by extension 'ignore_ament_install'
[1.990s] Level 1:colcon.colcon_core.package_identification:_identify(src/brightness_pkg) by extensions ['colcon_pkg']
[1.990s] Level 1:colcon.colcon_core.package_identification:_identify(src/brightness_pkg) by extension 'colcon_pkg'
[1.990s] Level 1:colcon.colcon_core.package_identification:_identify(src/brightness_pkg) by extensions ['colcon_meta']
[1.990s] Level 1:colcon.colcon_core.package_identification:_identify(src/brightness_pkg) by extension 'colcon_meta'
[1.990s] Level 1:colcon.colcon_core.package_identification:_identify(src/brightness_pkg) by extensions ['ros']
[1.990s] Level 1:colcon.colcon_core.package_identification:_identify(src/brightness_pkg) by extension 'ros'
[2.001s] DEBUG:colcon.colcon_core.package_identification:Package 'src/brightness_pkg' with type 'ros.ament_cmake' and name 'brightness_pkg'
[2.002s] Level 1:colcon.colcon_core.package_discovery:discover_packages(recursive) using defaults
[2.002s] Level 1:colcon.colcon_core.package_discovery:discover_packages(ignore) discover
[2.002s] Level 1:colcon.colcon_core.package_discovery:discover_packages(ignore) using defaults
[2.002s] Level 1:colcon.colcon_core.package_discovery:discover_packages(path) discover
[2.002s] Level 1:colcon.colcon_core.package_discovery:discover_packages(path) using defaults
[2.095s] Level 1:colcon.colcon_core.package_discovery:discover_packages(prefix_path) check parameters
[2.095s] Level 1:colcon.colcon_core.package_discovery:discover_packages(prefix_path) discover
[2.112s] DEBUG:colcon.colcon_installed_package_information.package_discovery:Found 270 installed packages in /opt/ros/humble
[2.118s] Level 1:colcon.colcon_core.package_discovery:discover_packages(prefix_path) using defaults
[2.324s] Level 5:colcon.colcon_core.verb:set package 'brightness_pkg' build argument 'cmake_args' from command line to 'None'
[2.324s] Level 5:colcon.colcon_core.verb:set package 'brightness_pkg' build argument 'cmake_target' from command line to 'None'
[2.325s] Level 5:colcon.colcon_core.verb:set package 'brightness_pkg' build argument 'cmake_target_skip_unavailable' from command line to 'False'
[2.325s] Level 5:colcon.colcon_core.verb:set package 'brightness_pkg' build argument 'cmake_clean_cache' from command line to 'False'
[2.325s] Level 5:colcon.colcon_core.verb:set package 'brightness_pkg' build argument 'cmake_clean_first' from command line to 'False'
[2.325s] Level 5:colcon.colcon_core.verb:set package 'brightness_pkg' build argument 'cmake_force_configure' from command line to 'False'
[2.325s] Level 5:colcon.colcon_core.verb:set package 'brightness_pkg' build argument 'ament_cmake_args' from command line to 'None'
[2.325s] Level 5:colcon.colcon_core.verb:set package 'brightness_pkg' build argument 'catkin_cmake_args' from command line to 'None'
[2.325s] Level 5:colcon.colcon_core.verb:set package 'brightness_pkg' build argument 'catkin_skip_building_tests' from command line to 'False'
[2.325s] DEBUG:colcon.colcon_core.verb:Building package 'brightness_pkg' with the following arguments: {'ament_cmake_args': None, 'build_base': '/home/ram-user/ASDR_assignments/build/brightness_pkg', 'catkin_cmake_args': None, 'catkin_skip_building_tests': False, 'cmake_args': None, 'cmake_clean_cache': False, 'cmake_clean_first': False, 'cmake_force_configure': False, 'cmake_target': None, 'cmake_target_skip_unavailable': False, 'install_base': '/home/ram-user/ASDR_assignments/install/brightness_pkg', 'merge_install': False, 'path': '/home/ram-user/ASDR_assignments/src/brightness_pkg', 'symlink_install': False, 'test_result_base': None}
[2.327s] INFO:colcon.colcon_core.executor:Executing jobs using 'parallel' executor
[2.336s] DEBUG:colcon.colcon_parallel_executor.executor.parallel:run_until_complete
[2.336s] INFO:colcon.colcon_ros.task.ament_cmake.build:Building ROS package in '/home/ram-user/ASDR_assignments/src/brightness_pkg' with build type 'ament_cmake'
[2.337s] INFO:colcon.colcon_cmake.task.cmake.build:Building CMake package in '/home/ram-user/ASDR_assignments/src/brightness_pkg'
[2.397s] INFO:colcon.colcon_core.plugin_system:Skipping extension 'colcon_core.shell.bat': Not used on non-Windows systems
[2.398s] INFO:colcon.colcon_core.shell:Skip shell extension 'powershell' for command environment: Not usable outside of PowerShell
[2.399s] DEBUG:colcon.colcon_core.shell:Skip shell extension 'dsv' for command environment
[2.435s] DEBUG:colcon.colcon_core.event_handler.log_command:Invoking command in '/home/ram-user/ASDR_assignments/build/brightness_pkg': CMAKE_PREFIX_PATH=/opt/ros/humble /usr/bin/cmake /home/ram-user/ASDR_assignments/src/brightness_pkg -DCMAKE_INSTALL_PREFIX=/home/ram-user/ASDR_assignments/install/brightness_pkg
[9.041s] DEBUG:colcon.colcon_core.event_handler.log_command:Invoked command in '/home/ram-user/ASDR_assignments/build/brightness_pkg' returned '0': CMAKE_PREFIX_PATH=/opt/ros/humble /usr/bin/cmake /home/ram-user/ASDR_assignments/src/brightness_pkg -DCMAKE_INSTALL_PREFIX=/home/ram-user/ASDR_assignments/install/brightness_pkg
[9.045s] DEBUG:colcon.colcon_core.event_handler.log_command:Invoking command in '/home/ram-user/ASDR_assignments/build/brightness_pkg': CMAKE_PREFIX_PATH=/opt/ros/humble /usr/bin/cmake --build /home/ram-user/ASDR_assignments/build/brightness_pkg -- -j6 -l6
[10.103s] DEBUG:colcon.colcon_core.event_handler.log_command:Invoked command in '/home/ram-user/ASDR_assignments/build/brightness_pkg' returned '0': CMAKE_PREFIX_PATH=/opt/ros/humble /usr/bin/cmake --build /home/ram-user/ASDR_assignments/build/brightness_pkg -- -j6 -l6
[10.433s] DEBUG:colcon.colcon_core.event_handler.log_command:Invoking command in '/home/ram-user/ASDR_assignments/build/brightness_pkg': CMAKE_PREFIX_PATH=/opt/ros/humble /usr/bin/cmake --install /home/ram-user/ASDR_assignments/build/brightness_pkg
[10.539s] Level 1:colcon.colcon_core.environment:create_environment_scripts_only(brightness_pkg)
[10.549s] DEBUG:colcon.colcon_core.event_handler.log_command:Invoked command in '/home/ram-user/ASDR_assignments/build/brightness_pkg' returned '0': CMAKE_PREFIX_PATH=/opt/ros/humble /usr/bin/cmake --install /home/ram-user/ASDR_assignments/build/brightness_pkg
[10.644s] Level 1:colcon.colcon_core.environment:checking '/home/ram-user/ASDR_assignments/install/brightness_pkg' for CMake module files
[10.647s] Level 1:colcon.colcon_core.environment:checking '/home/ram-user/ASDR_assignments/install/brightness_pkg' for CMake config files
[10.648s] Level 1:colcon.colcon_core.shell:create_environment_hook('brightness_pkg', 'cmake_prefix_path')
[10.662s] INFO:colcon.colcon_core.shell:Creating environment hook '/home/ram-user/ASDR_assignments/install/brightness_pkg/share/brightness_pkg/hook/cmake_prefix_path.ps1'
[10.676s] INFO:colcon.colcon_core.shell:Creating environment descriptor '/home/ram-user/ASDR_assignments/install/brightness_pkg/share/brightness_pkg/hook/cmake_prefix_path.dsv'
[10.678s] INFO:colcon.colcon_core.shell:Creating environment hook '/home/ram-user/ASDR_assignments/install/brightness_pkg/share/brightness_pkg/hook/cmake_prefix_path.sh'
[10.688s] Level 1:colcon.colcon_core.environment:checking '/home/ram-user/ASDR_assignments/install/brightness_pkg/lib'
[10.690s] Level 1:colcon.colcon_core.environment:checking '/home/ram-user/ASDR_assignments/install/brightness_pkg/bin'
[10.691s] Level 1:colcon.colcon_core.environment:checking '/home/ram-user/ASDR_assignments/install/brightness_pkg/lib/pkgconfig/brightness_pkg.pc'
[10.694s] Level 1:colcon.colcon_core.environment:checking '/home/ram-user/ASDR_assignments/install/brightness_pkg/lib/python3.10/site-packages'
[10.695s] Level 1:colcon.colcon_core.environment:checking '/home/ram-user/ASDR_assignments/install/brightness_pkg/bin'
[10.701s] INFO:colcon.colcon_core.shell:Creating package script '/home/ram-user/ASDR_assignments/install/brightness_pkg/share/brightness_pkg/package.ps1'
[10.709s] INFO:colcon.colcon_core.shell:Creating package descriptor '/home/ram-user/ASDR_assignments/install/brightness_pkg/share/brightness_pkg/package.dsv'
[10.716s] INFO:colcon.colcon_core.shell:Creating package script '/home/ram-user/ASDR_assignments/install/brightness_pkg/share/brightness_pkg/package.sh'
[10.721s] INFO:colcon.colcon_core.shell:Creating package script '/home/ram-user/ASDR_assignments/install/brightness_pkg/share/brightness_pkg/package.bash'
[10.733s] INFO:colcon.colcon_core.shell:Creating package script '/home/ram-user/ASDR_assignments/install/brightness_pkg/share/brightness_pkg/package.zsh'
[10.764s] Level 1:colcon.colcon_core.environment:create_file_with_runtime_dependencies(/home/ram-user/ASDR_assignments/install/brightness_pkg/share/colcon-core/packages/brightness_pkg)
[11.011s] Level 1:colcon.colcon_core.environment:create_environment_scripts_only(brightness_pkg)
[11.035s] Level 1:colcon.colcon_core.environment:checking '/home/ram-user/ASDR_assignments/install/brightness_pkg' for CMake module files
[11.043s] Level 1:colcon.colcon_core.environment:checking '/home/ram-user/ASDR_assignments/install/brightness_pkg' for CMake config files
[11.045s] Level 1:colcon.colcon_core.shell:create_environment_hook('brightness_pkg', 'cmake_prefix_path')
[11.065s] INFO:colcon.colcon_core.shell:Creating environment hook '/home/ram-user/ASDR_assignments/install/brightness_pkg/share/brightness_pkg/hook/cmake_prefix_path.ps1'
[11.071s] INFO:colcon.colcon_core.shell:Creating environment descriptor '/home/ram-user/ASDR_assignments/install/brightness_pkg/share/brightness_pkg/hook/cmake_prefix_path.dsv'
[11.075s] INFO:colcon.colcon_core.shell:Creating environment hook '/home/ram-user/ASDR_assignments/install/brightness_pkg/share/brightness_pkg/hook/cmake_prefix_path.sh'
[11.091s] Level 1:colcon.colcon_core.environment:checking '/home/ram-user/ASDR_assignments/install/brightness_pkg/lib'
[11.091s] Level 1:colcon.colcon_core.environment:checking '/home/ram-user/ASDR_assignments/install/brightness_pkg/bin'
[11.092s] Level 1:colcon.colcon_core.environment:checking '/home/ram-user/ASDR_assignments/install/brightness_pkg/lib/pkgconfig/brightness_pkg.pc'
[11.093s] Level 1:colcon.colcon_core.environment:checking '/home/ram-user/ASDR_assignments/install/brightness_pkg/lib/python3.10/site-packages'
[11.094s] Level 1:colcon.colcon_core.environment:checking '/home/ram-user/ASDR_assignments/install/brightness_pkg/bin'
[11.108s] INFO:colcon.colcon_core.shell:Creating package script '/home/ram-user/ASDR_assignments/install/brightness_pkg/share/brightness_pkg/package.ps1'
[11.115s] INFO:colcon.colcon_core.shell:Creating package descriptor '/home/ram-user/ASDR_assignments/install/brightness_pkg/share/brightness_pkg/package.dsv'
[11.121s] INFO:colcon.colcon_core.shell:Creating package script '/home/ram-user/ASDR_assignments/install/brightness_pkg/share/brightness_pkg/package.sh'
[11.128s] INFO:colcon.colcon_core.shell:Creating package script '/home/ram-user/ASDR_assignments/install/brightness_pkg/share/brightness_pkg/package.bash'
[11.130s] INFO:colcon.colcon_core.shell:Creating package script '/home/ram-user/ASDR_assignments/install/brightness_pkg/share/brightness_pkg/package.zsh'
[11.133s] Level 1:colcon.colcon_core.environment:create_file_with_runtime_dependencies(/home/ram-user/ASDR_assignments/install/brightness_pkg/share/colcon-core/packages/brightness_pkg)
[11.137s] DEBUG:colcon.colcon_parallel_executor.executor.parallel:closing loop
[11.141s] DEBUG:colcon.colcon_parallel_executor.executor.parallel:loop closed
[11.142s] DEBUG:colcon.colcon_parallel_executor.executor.parallel:run_until_complete finished with '0'
[11.143s] DEBUG:colcon.colcon_core.event_reactor:joining thread
[11.222s] INFO:colcon.colcon_core.plugin_system:Skipping extension 'colcon_notification.desktop_notification.terminal_notifier': Not used on non-Darwin systems
[11.222s] INFO:colcon.colcon_core.plugin_system:Skipping extension 'colcon_notification.desktop_notification.win32': Not used on non-Windows systems
[11.223s] INFO:colcon.colcon_notification.desktop_notification:Sending desktop notification using 'notify2'
[11.332s] DEBUG:colcon.colcon_core.event_reactor:joined thread
[11.346s] INFO:colcon.colcon_core.shell:Creating prefix script '/home/ram-user/ASDR_assignments/install/local_setup.ps1'
[11.359s] INFO:colcon.colcon_core.shell:Creating prefix util module '/home/ram-user/ASDR_assignments/install/_local_setup_util_ps1.py'
[11.369s] INFO:colcon.colcon_core.shell:Creating prefix chain script '/home/ram-user/ASDR_assignments/install/setup.ps1'
[11.379s] INFO:colcon.colcon_core.shell:Creating prefix script '/home/ram-user/ASDR_assignments/install/local_setup.sh'
[11.381s] INFO:colcon.colcon_core.shell:Creating prefix util module '/home/ram-user/ASDR_assignments/install/_local_setup_util_sh.py'
[11.385s] INFO:colcon.colcon_core.shell:Creating prefix chain script '/home/ram-user/ASDR_assignments/install/setup.sh'
[11.393s] INFO:colcon.colcon_core.shell:Creating prefix script '/home/ram-user/ASDR_assignments/install/local_setup.bash'
[11.396s] INFO:colcon.colcon_core.shell:Creating prefix chain script '/home/ram-user/ASDR_assignments/install/setup.bash'
[11.409s] INFO:colcon.colcon_core.shell:Creating prefix script '/home/ram-user/ASDR_assignments/install/local_setup.zsh'
[11.415s] INFO:colcon.colcon_core.shell:Creating prefix chain script '/home/ram-user/ASDR_assignments/install/setup.zsh'
