-- The C compiler identification is GNU 11.3.0
-- The CXX compiler identification is GNU 11.3.0
-- Detecting C compiler ABI info
-- Detecting C compiler ABI info - done
-- Check for working C compiler: /usr/bin/cc - skipped
-- Detecting C compile features
-- Detecting C compile features - done
-- Detecting CXX compiler ABI info
-- Detecting CXX compiler ABI info - done
-- Check for working CXX compiler: /usr/bin/c++ - skipped
-- Detecting CXX compile features
-- Detecting CXX compile features - done
-- Found ament_cmake: 1.3.3 (/opt/ros/humble/share/ament_cmake/cmake)
-- Found Python3: /usr/bin/python3.10 (found version "3.10.6") found components: Interpreter 
-- Found ament_lint_auto: 0.12.5 (/opt/ros/humble/share/ament_lint_auto/cmake)
-- Added test 'cppcheck' to perform static code analysis on C / C++ code
-- Configured cppcheck include dirs: $<BUILD_INTERFACE:/home/ram-user/ASDR_assignments/src/brightness_pkg/include>
-- Configured cppcheck exclude dirs and/or files: 
-- Added test 'lint_cmake' to check CMake code style
-- Added test 'uncrustify' to check C / C++ code style
-- Configured uncrustify additional arguments: 
-- Added test 'xmllint' to check XML markup files
-- Configuring done
-- Generating done
-- Build files have been written to: /home/ram-user/ASDR_assignments/build/brightness_pkg
[ 50%] [32mBuilding CXX object CMakeFiles/brightness_node.dir/src/brightness_node.cpp.o[0m
[100%] [32m[1mLinking CXX executable brightness_node[0m
[100%] Built target brightness_node
-- Install configuration: ""
-- Installing: /home/ram-user/ASDR_assignments/install/brightness_pkg/lib/brightness_pkg/brightness_node
-- Installing: /home/ram-user/ASDR_assignments/install/brightness_pkg/share/ament_index/resource_index/package_run_dependencies/brightness_pkg
-- Installing: /home/ram-user/ASDR_assignments/install/brightness_pkg/share/ament_index/resource_index/parent_prefix_path/brightness_pkg
-- Installing: /home/ram-user/ASDR_assignments/install/brightness_pkg/share/brightness_pkg/environment/ament_prefix_path.sh
-- Installing: /home/ram-user/ASDR_assignments/install/brightness_pkg/share/brightness_pkg/environment/ament_prefix_path.dsv
-- Installing: /home/ram-user/ASDR_assignments/install/brightness_pkg/share/brightness_pkg/environment/path.sh
-- Installing: /home/ram-user/ASDR_assignments/install/brightness_pkg/share/brightness_pkg/environment/path.dsv
-- Installing: /home/ram-user/ASDR_assignments/install/brightness_pkg/share/brightness_pkg/local_setup.bash
-- Installing: /home/ram-user/ASDR_assignments/install/brightness_pkg/share/brightness_pkg/local_setup.sh
-- Installing: /home/ram-user/ASDR_assignments/install/brightness_pkg/share/brightness_pkg/local_setup.zsh
-- Installing: /home/ram-user/ASDR_assignments/install/brightness_pkg/share/brightness_pkg/local_setup.dsv
-- Installing: /home/ram-user/ASDR_assignments/install/brightness_pkg/share/brightness_pkg/package.dsv
-- Installing: /home/ram-user/ASDR_assignments/install/brightness_pkg/share/ament_index/resource_index/packages/brightness_pkg
-- Installing: /home/ram-user/ASDR_assignments/install/brightness_pkg/share/brightness_pkg/cmake/brightness_pkgConfig.cmake
-- Installing: /home/ram-user/ASDR_assignments/install/brightness_pkg/share/brightness_pkg/cmake/brightness_pkgConfig-version.cmake
-- Installing: /home/ram-user/ASDR_assignments/install/brightness_pkg/share/brightness_pkg/package.xml
