[0.095s] Invoking command in '/home/ram-user/ASDR_assignments/build/brightness_pkg': CMAKE_PREFIX_PATH=/opt/ros/humble /usr/bin/cmake /home/ram-user/ASDR_assignments/src/brightness_pkg -DCMAKE_INSTALL_PREFIX=/home/ram-user/ASDR_assignments/install/brightness_pkg
[1.201s] -- The C compiler identification is GNU 11.3.0
[1.949s] -- The CXX compiler identification is GNU 11.3.0
[2.083s] -- Detecting C compiler ABI info
[2.587s] -- Detecting C compiler ABI info - done
[2.652s] -- Check for working C compiler: /usr/bin/cc - skipped
[2.690s] -- Detecting C compile features
[2.691s] -- Detecting C compile features - done
[2.732s] -- Detecting CXX compiler ABI info
[3.342s] -- Detecting CXX compiler ABI info - done
[3.392s] -- Check for working CXX compiler: /usr/bin/c++ - skipped
[3.393s] -- Detecting CXX compile features
[3.396s] -- Detecting CXX compile features - done
[3.435s] -- Found ament_cmake: 1.3.3 (/opt/ros/humble/share/ament_cmake/cmake)
[4.744s] -- Found Python3: /usr/bin/python3.10 (found version "3.10.6") found components: Interpreter 
[5.766s] -- Found ament_lint_auto: 0.12.5 (/opt/ros/humble/share/ament_lint_auto/cmake)
[6.550s] -- Added test 'cppcheck' to perform static code analysis on C / C++ code
[6.560s] -- Configured cppcheck include dirs: $<BUILD_INTERFACE:/home/ram-user/ASDR_assignments/src/brightness_pkg/include>
[6.560s] -- Configured cppcheck exclude dirs and/or files: 
[6.567s] -- Added test 'lint_cmake' to check CMake code style
[6.573s] -- Added test 'uncrustify' to check C / C++ code style
[6.573s] -- Configured uncrustify additional arguments: 
[6.577s] -- Added test 'xmllint' to check XML markup files
[6.611s] -- Configuring done
[6.649s] -- Generating done
[6.657s] -- Build files have been written to: /home/ram-user/ASDR_assignments/build/brightness_pkg
[6.701s] Invoked command in '/home/ram-user/ASDR_assignments/build/brightness_pkg' returned '0': CMAKE_PREFIX_PATH=/opt/ros/humble /usr/bin/cmake /home/ram-user/ASDR_assignments/src/brightness_pkg -DCMAKE_INSTALL_PREFIX=/home/ram-user/ASDR_assignments/install/brightness_pkg
[6.705s] Invoking command in '/home/ram-user/ASDR_assignments/build/brightness_pkg': CMAKE_PREFIX_PATH=/opt/ros/humble /usr/bin/cmake --build /home/ram-user/ASDR_assignments/build/brightness_pkg -- -j6 -l6
[7.068s] [ 50%] [32mBuilding CXX object CMakeFiles/brightness_node.dir/src/brightness_node.cpp.o[0m
[7.317s] [100%] [32m[1mLinking CXX executable brightness_node[0m
[7.674s] [100%] Built target brightness_node
[7.764s] Invoked command in '/home/ram-user/ASDR_assignments/build/brightness_pkg' returned '0': CMAKE_PREFIX_PATH=/opt/ros/humble /usr/bin/cmake --build /home/ram-user/ASDR_assignments/build/brightness_pkg -- -j6 -l6
[8.094s] Invoking command in '/home/ram-user/ASDR_assignments/build/brightness_pkg': CMAKE_PREFIX_PATH=/opt/ros/humble /usr/bin/cmake --install /home/ram-user/ASDR_assignments/build/brightness_pkg
[8.134s] -- Install configuration: ""
[8.138s] -- Installing: /home/ram-user/ASDR_assignments/install/brightness_pkg/lib/brightness_pkg/brightness_node
[8.139s] -- Installing: /home/ram-user/ASDR_assignments/install/brightness_pkg/share/ament_index/resource_index/package_run_dependencies/brightness_pkg
[8.141s] -- Installing: /home/ram-user/ASDR_assignments/install/brightness_pkg/share/ament_index/resource_index/parent_prefix_path/brightness_pkg
[8.150s] -- Installing: /home/ram-user/ASDR_assignments/install/brightness_pkg/share/brightness_pkg/environment/ament_prefix_path.sh
[8.150s] -- Installing: /home/ram-user/ASDR_assignments/install/brightness_pkg/share/brightness_pkg/environment/ament_prefix_path.dsv
[8.151s] -- Installing: /home/ram-user/ASDR_assignments/install/brightness_pkg/share/brightness_pkg/environment/path.sh
[8.154s] -- Installing: /home/ram-user/ASDR_assignments/install/brightness_pkg/share/brightness_pkg/environment/path.dsv
[8.155s] -- Installing: /home/ram-user/ASDR_assignments/install/brightness_pkg/share/brightness_pkg/local_setup.bash
[8.155s] -- Installing: /home/ram-user/ASDR_assignments/install/brightness_pkg/share/brightness_pkg/local_setup.sh
[8.156s] -- Installing: /home/ram-user/ASDR_assignments/install/brightness_pkg/share/brightness_pkg/local_setup.zsh
[8.156s] -- Installing: /home/ram-user/ASDR_assignments/install/brightness_pkg/share/brightness_pkg/local_setup.dsv
[8.161s] -- Installing: /home/ram-user/ASDR_assignments/install/brightness_pkg/share/brightness_pkg/package.dsv
[8.171s] -- Installing: /home/ram-user/ASDR_assignments/install/brightness_pkg/share/ament_index/resource_index/packages/brightness_pkg
[8.172s] -- Installing: /home/ram-user/ASDR_assignments/install/brightness_pkg/share/brightness_pkg/cmake/brightness_pkgConfig.cmake
[8.173s] -- Installing: /home/ram-user/ASDR_assignments/install/brightness_pkg/share/brightness_pkg/cmake/brightness_pkgConfig-version.cmake
[8.173s] -- Installing: /home/ram-user/ASDR_assignments/install/brightness_pkg/share/brightness_pkg/package.xml
[8.209s] Invoked command in '/home/ram-user/ASDR_assignments/build/brightness_pkg' returned '0': CMAKE_PREFIX_PATH=/opt/ros/humble /usr/bin/cmake --install /home/ram-user/ASDR_assignments/build/brightness_pkg
